<?xml version="1.0" encoding="UTF-8"?>
<!-- Generated by org.testng.reporters.JUnitXMLReporter -->
<testsuite hostname="Saritas-MacBook-Pro.local" name="Regression1" tests="2" failures="1" timestamp="27 Oct 2017 19:26:35 GMT" time="133.246" errors="0">
  <testcase name="verifySendMail" time="75.576" classname="com.appium.maas.tests.mail.ComposeMail"/>
  <testcase name="multiselectCancel" time="57.661" classname="com.appium.maas.tests.mail.MultiselectMails">
    <failure type="java.lang.AssertionError" message="Compose button is not present on  inbox screen expected [true] but found [false]">
      <![CDATA[java.lang.AssertionError: Compose button is not present on  inbox screen expected [true] but found [false]
	at com.appium.maas.tests.mail.MultiselectMails.multiselectCancel(MultiselectMails.java:21)
	at org.apache.maven.surefire.testng.TestNGExecutor.run(TestNGExecutor.java:295)
	at org.apache.maven.surefire.testng.TestNGXmlTestSuite.execute(TestNGXmlTestSuite.java:84)
	at org.apache.maven.surefire.testng.TestNGProvider.invoke(TestNGProvider.java:90)
	at org.apache.maven.surefire.booter.ForkedBooter.invokeProviderInSameClassLoader(ForkedBooter.java:203)
	at org.apache.maven.surefire.booter.ForkedBooter.runSuitesInProcess(ForkedBooter.java:155)
	at org.apache.maven.surefire.booter.ForkedBooter.main(ForkedBooter.java:103)
... Removed 24 stack frames]]>
    </failure>
  </testcase> <!-- multiselectCancel -->
</testsuite> <!-- Regression1 -->
